app/build/outputs/logs/manifest-merger-release-report.txt
-- Merging decision tree log ---
manifest
ADDED from src\main\AndroidManifest.xml:2:1-1040:12
	package
		ADDED from src\main\AndroidManifest.xml:3:5-34
		INJECTED from src\main\AndroidManifest.xml
		INJECTED from src\main\AndroidManifest.xml
	android:versionName
		ADDED from src\main\AndroidManifest.xml:5:5-32
		INJECTED from src\main\AndroidManifest.xml
		INJECTED from src\main\AndroidManifest.xml
	android:versionCode
		ADDED from src\main\AndroidManifest.xml:4:5-28
		INJECTED from src\main\AndroidManifest.xml
		INJECTED from src\main\AndroidManifest.xml
	xmlns:android
		ADDED from src\main\AndroidManifest.xml:2:11-69
uses-sdk
ADDED from src\main\AndroidManifest.xml:10:5-12:41
	android:targetSdkVersion
		ADDED from src\main\AndroidManifest.xml:12:9-38
		INJECTED from src\main\AndroidManifest.xml
		INJECTED from src\main\AndroidManifest.xml
	android:minSdkVersion
		ADDED from src\main\AndroidManifest.xml:11:9-34
		INJECTED from src\main\AndroidManifest.xml
		INJECTED from src\main\AndroidManifest.xml
uses-permission#android.permission.INTERNET
ADDED from src\main\AndroidManifest.xml:16:5-67
	android:name
		ADDED from src\main\AndroidManifest.xml:16:22-64
uses-permission#android.permission.ACCESS_NETWORK_STATE
ADDED from src\main\AndroidManifest.xml:18:5-79
	android:name
		ADDED from src\main\AndroidManifest.xml:18:22-76
uses-permission#android.permission.WRITE_EXTERNAL_STORAGE
ADDED from src\main\AndroidManifest.xml:20:5-81
	android:name
		ADDED from src\main\AndroidManifest.xml:20:22-78
uses-permission#android.permission.MOUNT_UNMOUNT_FILESYSTEMS
ADDED from src\main\AndroidManifest.xml:22:5-84
	android:name
		ADDED from src\main\AndroidManifest.xml:22:22-81
uses-permission#android.permission.CALL_PHONE
ADDED from src\main\AndroidManifest.xml:25:5-69
	android:name
		ADDED from src\main\AndroidManifest.xml:25:22-66
uses-permission#android.permission.CAMERA
ADDED from src\main\AndroidManifest.xml:26:5-65
	android:name
		ADDED from src\main\AndroidManifest.xml:26:22-62
uses-feature#android.hardware.camera
ADDED from src\main\AndroidManifest.xml:28:5-60
	android:name
		ADDED from src\main\AndroidManifest.xml:28:19-57
uses-feature#android.hardware.camera.autofocus
ADDED from src\main\AndroidManifest.xml:29:5-70
	android:name
		ADDED from src\main\AndroidManifest.xml:29:19-67
uses-permission#android.permission.RECORD_AUDIO
ADDED from src\main\AndroidManifest.xml:31:5-71
	android:name
		ADDED from src\main\AndroidManifest.xml:31:22-68
uses-permission#android.permission.READ_PHONE_STATE
ADDED from src\main\AndroidManifest.xml:32:5-75
	android:name
		ADDED from src\main\AndroidManifest.xml:32:22-72
uses-permission#android.permission.KILL_BACKGROUND_PROCESSES
ADDED from src\main\AndroidManifest.xml:33:5-84
	android:name
		ADDED from src\main\AndroidManifest.xml:33:22-81
uses-permission#android.permission.RECEIVE_USER_PRESENT
ADDED from src\main\AndroidManifest.xml:35:5-79
	android:name
		ADDED from src\main\AndroidManifest.xml:35:22-76
uses-permission#android.permission.WAKE_LOCK
ADDED from src\main\AndroidManifest.xml:36:5-68
	android:name
		ADDED from src\main\AndroidManifest.xml:36:22-65
uses-permission#android.permission.READ_EXTERNAL_STORAGE
ADDED from src\main\AndroidManifest.xml:39:5-80
	android:name
		ADDED from src\main\AndroidManifest.xml:39:22-77
uses-permission#android.permission.VIBRATE
ADDED from src\main\AndroidManifest.xml:40:5-66
	android:name
		ADDED from src\main\AndroidManifest.xml:40:22-63
uses-permission#android.permission.SYSTEM_ALERT_WINDOW
ADDED from src\main\AndroidManifest.xml:42:5-78
	android:name
		ADDED from src\main\AndroidManifest.xml:42:22-75
uses-permission#android.permission.ACCESS_COARSE_LOCATION
ADDED from src\main\AndroidManifest.xml:45:5-81
	android:name
		ADDED from src\main\AndroidManifest.xml:45:22-78
uses-permission#android.permission.ACCESS_WIFI_STATE
ADDED from src\main\AndroidManifest.xml:46:5-76
	android:name
		ADDED from src\main\AndroidManifest.xml:46:22-73
uses-permission#android.permission.CHANGE_WIFI_STATE
ADDED from src\main\AndroidManifest.xml:47:5-76
	android:name
		ADDED from src\main\AndroidManifest.xml:47:22-73
uses-permission#android.permission.ACCESS_FINE_LOCATION
ADDED from src\main\AndroidManifest.xml:48:5-79
	android:name
		ADDED from src\main\AndroidManifest.xml:48:22-76
uses-permission#android.permission.ACCESS_LOCATION_EXTRA_COMMANDS
ADDED from src\main\AndroidManifest.xml:49:5-89
	android:name
		ADDED from src\main\AndroidManifest.xml:49:22-86
uses-permission#android.permission.CHANGE_NETWORK_STATE
ADDED from src\main\AndroidManifest.xml:50:5-79
	android:name
		ADDED from src\main\AndroidManifest.xml:50:22-76
uses-permission#android.permission.GET_TASKS
ADDED from src\main\AndroidManifest.xml:51:5-68
	android:name
		ADDED from src\main\AndroidManifest.xml:51:22-65
supports-screens
ADDED from src\main\AndroidManifest.xml:70:5-75:39
	android:largeScreens
		ADDED from src\main\AndroidManifest.xml:72:9-36
	android:smallScreens
		ADDED from src\main\AndroidManifest.xml:75:9-36
	android:normalScreens
		ADDED from src\main\AndroidManifest.xml:73:9-37
	android:resizeable
		ADDED from src\main\AndroidManifest.xml:74:9-34
	android:anyDensity
		ADDED from src\main\AndroidManifest.xml:71:9-34
uses-permission#android.permission.GET_ACCOUNTS
ADDED from src\main\AndroidManifest.xml:78:5-71
	android:name
		ADDED from src\main\AndroidManifest.xml:78:22-68
uses-permission#android.permission.USE_CREDENTIALS
ADDED from src\main\AndroidManifest.xml:79:5-74
	android:name
		ADDED from src\main\AndroidManifest.xml:79:22-71
uses-permission#android.permission.MANAGE_ACCOUNTS
ADDED from src\main\AndroidManifest.xml:80:5-74
	android:name
		ADDED from src\main\AndroidManifest.xml:80:22-71
uses-permission#android.permission.AUTHENTICATE_ACCOUNTS
ADDED from src\main\AndroidManifest.xml:81:5-80
	android:name
		ADDED from src\main\AndroidManifest.xml:81:22-77
uses-permission#com.android.launcher.permission.READ_SETTINGS
ADDED from src\main\AndroidManifest.xml:83:5-85
	android:name
		ADDED from src\main\AndroidManifest.xml:83:22-82
uses-permission#android.permission.BROADCAST_STICKY
ADDED from src\main\AndroidManifest.xml:88:5-75
	android:name
		ADDED from src\main\AndroidManifest.xml:88:22-72
uses-permission#android.permission.WRITE_SETTINGS
ADDED from src\main\AndroidManifest.xml:89:5-73
	android:name
		ADDED from src\main\AndroidManifest.xml:89:22-70
uses-permission#android.permission.DISABLE_KEYGUARD
ADDED from src\main\AndroidManifest.xml:91:5-75
	android:name
		ADDED from src\main\AndroidManifest.xml:91:22-72
uses-permission#android.permission.READ_CONTACTS
ADDED from src\main\AndroidManifest.xml:93:5-72
	android:name
		ADDED from src\main\AndroidManifest.xml:93:22-69
uses-permission#android.permission.WRITE_CONTACTS
ADDED from src\main\AndroidManifest.xml:94:5-73
	android:name
		ADDED from src\main\AndroidManifest.xml:94:22-70
uses-permission#android.permission.WRITE_CALL_LOG
ADDED from src\main\AndroidManifest.xml:95:5-73
	android:name
		ADDED from src\main\AndroidManifest.xml:95:22-70
uses-permission#android.permission.READ_CALL_LOG
ADDED from src\main\AndroidManifest.xml:96:5-72
	android:name
		ADDED from src\main\AndroidManifest.xml:96:22-69
uses-permission#android.permission.READ_LOGS
ADDED from src\main\AndroidManifest.xml:97:5-68
	android:name
		ADDED from src\main\AndroidManifest.xml:97:22-65
uses-permission#android.permission.SYSTEM_OVERLAY_WINDOW
ADDED from src\main\AndroidManifest.xml:99:5-80
	android:name
		ADDED from src\main\AndroidManifest.xml:99:22-77
uses-permission#android.permission.PROCESS_OUTGOING_CALLS
ADDED from src\main\AndroidManifest.xml:100:5-81
	android:name
		ADDED from src\main\AndroidManifest.xml:100:22-78
uses-permission#android.permission.RECEIVE_BOOT_COMPLETED
ADDED from src\main\AndroidManifest.xml:109:5-81
	android:name
		ADDED from src\main\AndroidManifest.xml:109:22-78
application
ADDED from src\main\AndroidManifest.xml:111:5-1038:19
	android:label
		ADDED from src\main\AndroidManifest.xml:116:9-41
	android:hardwareAccelerated
		ADDED from src\main\AndroidManifest.xml:114:9-43
	android:allowBackup
		ADDED from src\main\AndroidManifest.xml:113:9-36
	android:icon
		ADDED from src\main\AndroidManifest.xml:115:9-38
	android:theme
		ADDED from src\main\AndroidManifest.xml:117:9-68
	android:name
		ADDED from src\main\AndroidManifest.xml:112:9-57
activity#com.huishangyun.Activity.IndexActivity
ADDED from src\main\AndroidManifest.xml:121:9-140:20
	android:screenOrientation
		ADDED from src\main\AndroidManifest.xml:125:13-49
	android:label
		ADDED from src\main\AndroidManifest.xml:124:13-45
	android:allowBackup
		ADDED from src\main\AndroidManifest.xml:123:13-39
	android:theme
		ADDED from src\main\AndroidManifest.xml:126:13-72
	android:name
		ADDED from src\main\AndroidManifest.xml:122:13-66
intent-filter#android.intent.action.MAIN+android.intent.category.LAUNCHER
ADDED from src\main\AndroidManifest.xml:127:13-130:29
action#android.intent.action.MAIN
ADDED from src\main\AndroidManifest.xml:128:17-69
	android:name
		ADDED from src\main\AndroidManifest.xml:128:25-66
category#android.intent.category.LAUNCHER
ADDED from src\main\AndroidManifest.xml:129:17-77
	android:name
		ADDED from src\main\AndroidManifest.xml:129:27-74
intent-filter#android.intent.action.VIEW+android.intent.category.BROWSABLE+android.intent.category.DEFAULT
ADDED from src\main\AndroidManifest.xml:132:13-139:29
action#android.intent.action.VIEW
ADDED from src\main\AndroidManifest.xml:133:13-65
	android:name
		ADDED from src\main\AndroidManifest.xml:133:21-62
category#android.intent.category.DEFAULT
ADDED from src\main\AndroidManifest.xml:134:13-72
	android:name
		ADDED from src\main\AndroidManifest.xml:134:23-69
category#android.intent.category.BROWSABLE
ADDED from src\main\AndroidManifest.xml:135:13-74
	android:name
		ADDED from src\main\AndroidManifest.xml:135:23-71
data
ADDED from src\main\AndroidManifest.xml:136:13-138:45
	android:host
		ADDED from src\main\AndroidManifest.xml:137:17-47
	android:scheme
		ADDED from src\main\AndroidManifest.xml:138:17-42
activity#com.huishangyun.ZxingScan.CaptureActivity
ADDED from src\main\AndroidManifest.xml:143:9-147:52
	android:screenOrientation
		ADDED from src\main\AndroidManifest.xml:147:13-49
	android:hardwareAccelerated
		ADDED from src\main\AndroidManifest.xml:146:13-48
	android:configChanges
		ADDED from src\main\AndroidManifest.xml:145:13-63
	android:name
		ADDED from src\main\AndroidManifest.xml:144:13-69
activity#com.huishangyun.Activity.ScreenActivity
ADDED from src\main\AndroidManifest.xml:151:9-156:73
	android:screenOrientation
		ADDED from src\main\AndroidManifest.xml:155:13-49
	android:hardwareAccelerated
		ADDED from src\main\AndroidManifest.xml:154:13-48
	android:configChanges
		ADDED from src\main\AndroidManifest.xml:153:13-63
	android:theme
		ADDED from src\main\AndroidManifest.xml:156:13-70
	android:name
		ADDED from src\main\AndroidManifest.xml:152:13-67
activity#com.huishangyun.Activity.SerivceIfon
ADDED from src\main\AndroidManifest.xml:159:9-163:52
	android:screenOrientation
		ADDED from src\main\AndroidManifest.xml:163:13-49
	android:hardwareAccelerated
		ADDED from src\main\AndroidManifest.xml:162:13-48
	android:configChanges
		ADDED from src\main\AndroidManifest.xml:161:13-63
	android:name
		ADDED from src\main\AndroidManifest.xml:160:13-64
activity#com.huishangyun.Activity.LandActivity
ADDED from src\main\AndroidManifest.xml:164:9-169:67
	android:screenOrientation
		ADDED from src\main\AndroidManifest.xml:167:13-49
	android:windowSoftInputMode
		ADDED from src\main\AndroidManifest.xml:169:13-64
	android:configChanges
		ADDED from src\main\AndroidManifest.xml:166:13-63
	android:theme
		ADDED from src\main\AndroidManifest.xml:168:13-60
	android:name
		ADDED from src\main\AndroidManifest.xml:165:13-65
activity#com.huishangyun.Activity.MainActivity
ADDED from src\main\AndroidManifest.xml:170:9-177:20
	android:screenOrientation
		ADDED from src\main\AndroidManifest.xml:175:13-49
	android:hardwareAccelerated
		ADDED from src\main\AndroidManifest.xml:173:13-47
	android:launchMode
		ADDED from src\main\AndroidManifest.xml:174:13-44
	android:configChanges
		ADDED from src\main\AndroidManifest.xml:172:13-63
	android:theme
		ADDED from src\main\AndroidManifest.xml:176:13-60
	android:name
		ADDED from src\main\AndroidManifest.xml:171:13-65
activity#com.huishangyun.Activity.Chat
ADDED from src\main\AndroidManifest.xml:178:9-183:58
	android:screenOrientation
		ADDED from src\main\AndroidManifest.xml:182:13-49
	android:launchMode
		ADDED from src\main\AndroidManifest.xml:181:13-43
	android:windowSoftInputMode
		ADDED from src\main\AndroidManifest.xml:183:13-55
	android:configChanges
		ADDED from src\main\AndroidManifest.xml:180:13-63
	android:name
		ADDED from src\main\AndroidManifest.xml:179:13-57
activity#com.huishangyun.register.RegisterMainActivity
ADDED from src\main\AndroidManifest.xml:185:9-189:70
	android:screenOrientation
		ADDED from src\main\AndroidManifest.xml:188:13-49
	android:windowSoftInputMode
		ADDED from src\main\AndroidManifest.xml:189:13-67
	android:configChanges
		ADDED from src\main\AndroidManifest.xml:187:13-63
	android:name
		ADDED from src\main\AndroidManifest.xml:186:13-73
activity#com.huishangyun.register.ForgetPasswordActivity
ADDED from src\main\AndroidManifest.xml:191:9-195:70
	android:screenOrientation
		ADDED from src\main\AndroidManifest.xml:194:13-49
	android:windowSoftInputMode
		ADDED from src\main\AndroidManifest.xml:195:13-67
	android:configChanges
		ADDED from src\main\AndroidManifest.xml:193:13-63
	android:name
		ADDED from src\main\AndroidManifest.xml:192:13-75
activity#com.huishangyun.Activity.GroupInfoActivity
ADDED from src\main\AndroidManifest.xml:196:9-199:52
	android:screenOrientation
		ADDED from src\main\AndroidManifest.xml:199:13-49
	android:configChanges
		ADDED from src\main\AndroidManifest.xml:198:13-63
	android:name
		ADDED from src\main\AndroidManifest.xml:197:13-70
activity#com.huishangyun.register.NewPasswordActivity
ADDED from src\main\AndroidManifest.xml:202:9-206:70
	android:screenOrientation
		ADDED from src\main\AndroidManifest.xml:205:13-49
	android:windowSoftInputMode
		ADDED from src\main\AndroidManifest.xml:206:13-67
	android:configChanges
		ADDED from src\main\AndroidManifest.xml:204:13-63
	android:name
		ADDED from src\main\AndroidManifest.xml:203:13-72
activity#com.huishangyun.register.ProvisionActivity
ADDED from src\main\AndroidManifest.xml:207:9-211:70
	android:screenOrientation
		ADDED from src\main\AndroidManifest.xml:210:13-49
	android:windowSoftInputMode
		ADDED from src\main\AndroidManifest.xml:211:13-67
	android:configChanges
		ADDED from src\main\AndroidManifest.xml:209:13-63
	android:name
		ADDED from src\main\AndroidManifest.xml:208:13-70
activity#com.huishangyun.Activity.CheckContacter
ADDED from src\main\AndroidManifest.xml:212:9-215:52
	android:screenOrientation
		ADDED from src\main\AndroidManifest.xml:215:13-49
	android:configChanges
		ADDED from src\main\AndroidManifest.xml:214:13-63
	android:name
		ADDED from src\main\AndroidManifest.xml:213:13-67
activity#com.huishangyun.Activity.Notes
ADDED from src\main\AndroidManifest.xml:216:9-219:52
	android:screenOrientation
		ADDED from src\main\AndroidManifest.xml:219:13-49
	android:configChanges
		ADDED from src\main\AndroidManifest.xml:218:13-63
	android:name
		ADDED from src\main\AndroidManifest.xml:217:13-58
activity#com.huishangyun.Activity.PrivateData
ADDED from src\main\AndroidManifest.xml:220:9-223:52
	android:screenOrientation
		ADDED from src\main\AndroidManifest.xml:223:13-49
	android:configChanges
		ADDED from src\main\AndroidManifest.xml:222:13-63
	android:name
		ADDED from src\main\AndroidManifest.xml:221:13-64
activity#com.huishangyun.Activity.ManagerInfo
ADDED from src\main\AndroidManifest.xml:224:9-227:52
	android:screenOrientation
		ADDED from src\main\AndroidManifest.xml:227:13-49
	android:configChanges
		ADDED from src\main\AndroidManifest.xml:226:13-63
	android:name
		ADDED from src\main\AndroidManifest.xml:225:13-64
activity#com.huishangyun.Activity.WriterEmail
ADDED from src\main\AndroidManifest.xml:228:9-231:52
	android:screenOrientation
		ADDED from src\main\AndroidManifest.xml:231:13-49
	android:configChanges
		ADDED from src\main\AndroidManifest.xml:230:13-63
	android:name
		ADDED from src\main\AndroidManifest.xml:229:13-64
activity#com.huishangyun.Activity.CompanSettingActivity
ADDED from src\main\AndroidManifest.xml:232:9-235:52
	android:screenOrientation
		ADDED from src\main\AndroidManifest.xml:235:13-49
	android:configChanges
		ADDED from src\main\AndroidManifest.xml:234:13-63
	android:name
		ADDED from src\main\AndroidManifest.xml:233:13-74
activity#com.huishangyun.Channel.Customers.CustomerMainActivity
ADDED from src\main\AndroidManifest.xml:240:9-244:67
	android:screenOrientation
		ADDED from src\main\AndroidManifest.xml:243:13-49
	android:windowSoftInputMode
		ADDED from src\main\AndroidManifest.xml:244:13-64
	android:configChanges
		ADDED from src\main\AndroidManifest.xml:242:13-63
	android:name
		ADDED from src\main\AndroidManifest.xml:241:13-82
activity#com.huishangyun.Channel.Customers.CustomerSearchActivity
ADDED from src\main\AndroidManifest.xml:245:9-250:67
	android:screenOrientation
		ADDED from src\main\AndroidManifest.xml:248:13-49
	android:windowSoftInputMode
		ADDED from src\main\AndroidManifest.xml:250:13-64
	android:configChanges
		ADDED from src\main\AndroidManifest.xml:247:13-63
	android:theme
		ADDED from src\main\AndroidManifest.xml:249:13-47
	android:name
		ADDED from src\main\AndroidManifest.xml:246:13-84
activity#com.huishangyun.Channel.Customers.CustomerLocationActivity
ADDED from src\main\AndroidManifest.xml:251:9-255:67
	android:screenOrientation
		ADDED from src\main\AndroidManifest.xml:254:13-49
	android:windowSoftInputMode
		ADDED from src\main\AndroidManifest.xml:255:13-64
	android:configChanges
		ADDED from src\main\AndroidManifest.xml:253:13-63
	android:name
		ADDED from src\main\AndroidManifest.xml:252:13-86
activity#com.huishangyun.Channel.Customers.CustomerMenuActivity
ADDED from src\main\AndroidManifest.xml:256:9-260:67
	android:screenOrientation
		ADDED from src\main\AndroidManifest.xml:259:13-49
	android:windowSoftInputMode
		ADDED from src\main\AndroidManifest.xml:260:13-64
	android:configChanges
		ADDED from src\main\AndroidManifest.xml:258:13-63
	android:name
		ADDED from src\main\AndroidManifest.xml:257:13-82
activity#com.huishangyun.Channel.Customers.CustomerChooseGroup
ADDED from src\main\AndroidManifest.xml:261:9-265:67
	android:screenOrientation
		ADDED from src\main\AndroidManifest.xml:264:13-49
	android:windowSoftInputMode
		ADDED from src\main\AndroidManifest.xml:265:13-64
	android:configChanges
		ADDED from src\main\AndroidManifest.xml:263:13-63
	android:name
		ADDED from src\main\AndroidManifest.xml:262:13-81
activity#com.huishangyun.Channel.Customers.CustomerSet
ADDED from src\main\AndroidManifest.xml:266:9-270:67
	android:hardwareAccelerated
		ADDED from src\main\AndroidManifest.xml:269:13-48
	android:windowSoftInputMode
		ADDED from src\main\AndroidManifest.xml:270:13-64
	android:configChanges
		ADDED from src\main\AndroidManifest.xml:268:13-63
	android:name
		ADDED from src\main\AndroidManifest.xml:267:13-73
activity#com.huishangyun.Channel.Customers.Customer_Photo
ADDED from src\main\AndroidManifest.xml:272:9-275:51
	android:hardwareAccelerated
		ADDED from src\main\AndroidManifest.xml:275:13-48
	android:configChanges
		ADDED from src\main\AndroidManifest.xml:274:13-63
	android:name
		ADDED from src\main\AndroidManifest.xml:273:13-76
activity#com.huishangyun.Channel.Customers.CustomerDetails
ADDED from src\main\AndroidManifest.xml:277:9-281:67
	android:screenOrientation
		ADDED from src\main\AndroidManifest.xml:280:13-49
	android:windowSoftInputMode
		ADDED from src\main\AndroidManifest.xml:281:13-64
	android:configChanges
		ADDED from src\main\AndroidManifest.xml:279:13-63
	android:name
		ADDED from src\main\AndroidManifest.xml:278:13-77
activity#com.huishangyun.Channel.Customers.CustomerInfo
ADDED from src\main\AndroidManifest.xml:282:9-286:67
	android:screenOrientation
		ADDED from src\main\AndroidManifest.xml:285:13-49
	android:windowSoftInputMode
		ADDED from src\main\AndroidManifest.xml:286:13-64
	android:configChanges
		ADDED from src\main\AndroidManifest.xml:284:13-63
	android:name
		ADDED from src\main\AndroidManifest.xml:283:13-74
activity#com.huishangyun.Channel.Customers.Customer_Photo2
ADDED from src\main\AndroidManifest.xml:287:9-291:67
	android:screenOrientation
		ADDED from src\main\AndroidManifest.xml:290:13-49
	android:windowSoftInputMode
		ADDED from src\main\AndroidManifest.xml:291:13-64
	android:configChanges
		ADDED from src\main\AndroidManifest.xml:289:13-63
	android:name
		ADDED from src\main\AndroidManifest.xml:288:13-77
activity#com.huishangyun.Channel.Task.TaskMainActivity
ADDED from src\main\AndroidManifest.xml:297:9-301:67
	android:screenOrientation
		ADDED from src\main\AndroidManifest.xml:300:13-49
	android:windowSoftInputMode
		ADDED from src\main\AndroidManifest.xml:301:13-64
	android:configChanges
		ADDED from src\main\AndroidManifest.xml:299:13-63
	android:name
		ADDED from src\main\AndroidManifest.xml:298:13-73
activity#com.huishangyun.Channel.Task.TaskAddActivity
ADDED from src\main\AndroidManifest.xml:302:9-306:67
	android:screenOrientation
		ADDED from src\main\AndroidManifest.xml:305:13-49
	android:windowSoftInputMode
		ADDED from src\main\AndroidManifest.xml:306:13-64
	android:configChanges
		ADDED from src\main\AndroidManifest.xml:304:13-63
	android:name
		ADDED from src\main\AndroidManifest.xml:303:13-72
activity#com.huishangyun.Channel.Task.TaskDetailsActivity
ADDED from src\main\AndroidManifest.xml:307:9-311:67
	android:screenOrientation
		ADDED from src\main\AndroidManifest.xml:310:13-49
	android:windowSoftInputMode
		ADDED from src\main\AndroidManifest.xml:311:13-64
	android:configChanges
		ADDED from src\main\AndroidManifest.xml:309:13-63
	android:name
		ADDED from src\main\AndroidManifest.xml:308:13-76
activity#com.huishangyun.Channel.Task.TaskChooseFileActivity
ADDED from src\main\AndroidManifest.xml:312:9-316:67
	android:screenOrientation
		ADDED from src\main\AndroidManifest.xml:315:13-49
	android:windowSoftInputMode
		ADDED from src\main\AndroidManifest.xml:316:13-64
	android:configChanges
		ADDED from src\main\AndroidManifest.xml:314:13-63
	android:name
		ADDED from src\main\AndroidManifest.xml:313:13-79
activity#com.huishangyun.Channel.Task.TaskFilelistActivity
ADDED from src\main\AndroidManifest.xml:317:9-321:67
	android:screenOrientation
		ADDED from src\main\AndroidManifest.xml:320:13-49
	android:windowSoftInputMode
		ADDED from src\main\AndroidManifest.xml:321:13-64
	android:configChanges
		ADDED from src\main\AndroidManifest.xml:319:13-63
	android:name
		ADDED from src\main\AndroidManifest.xml:318:13-77
activity#com.huishangyun.Channel.Task.TaskBackActivity
ADDED from src\main\AndroidManifest.xml:322:9-326:67
	android:screenOrientation
		ADDED from src\main\AndroidManifest.xml:325:13-49
	android:windowSoftInputMode
		ADDED from src\main\AndroidManifest.xml:326:13-64
	android:configChanges
		ADDED from src\main\AndroidManifest.xml:324:13-63
	android:name
		ADDED from src\main\AndroidManifest.xml:323:13-73
activity#com.huishangyun.Channel.Task.TaskSendActivity
ADDED from src\main\AndroidManifest.xml:327:9-331:67
	android:screenOrientation
		ADDED from src\main\AndroidManifest.xml:330:13-49
	android:windowSoftInputMode
		ADDED from src\main\AndroidManifest.xml:331:13-64
	android:configChanges
		ADDED from src\main\AndroidManifest.xml:329:13-63
	android:name
		ADDED from src\main\AndroidManifest.xml:328:13-73
activity#com.huishangyun.Channel.Task.SearchActivity
ADDED from src\main\AndroidManifest.xml:332:9-337:67
	android:screenOrientation
		ADDED from src\main\AndroidManifest.xml:335:13-49
	android:windowSoftInputMode
		ADDED from src\main\AndroidManifest.xml:337:13-64
	android:configChanges
		ADDED from src\main\AndroidManifest.xml:334:13-63
	android:theme
		ADDED from src\main\AndroidManifest.xml:336:13-47
	android:name
		ADDED from src\main\AndroidManifest.xml:333:13-71
activity#com.huishangyun.Channel.Task.TaskOpportActivity
ADDED from src\main\AndroidManifest.xml:338:9-342:67
	android:screenOrientation
		ADDED from src\main\AndroidManifest.xml:341:13-49
	android:windowSoftInputMode
		ADDED from src\main\AndroidManifest.xml:342:13-64
	android:configChanges
		ADDED from src\main\AndroidManifest.xml:340:13-63
	android:name
		ADDED from src\main\AndroidManifest.xml:339:13-75
activity#com.huishangyun.Channel.Task.TaskMenuActivity
ADDED from src\main\AndroidManifest.xml:343:9-347:67
	android:screenOrientation
		ADDED from src\main\AndroidManifest.xml:346:13-49
	android:windowSoftInputMode
		ADDED from src\main\AndroidManifest.xml:347:13-64
	android:configChanges
		ADDED from src\main\AndroidManifest.xml:345:13-63
	android:name
		ADDED from src\main\AndroidManifest.xml:344:13-73
activity#com.huishangyun.Channel.Clues.MainClueActivity
ADDED from src\main\AndroidManifest.xml:352:9-358:20
	android:screenOrientation
		ADDED from src\main\AndroidManifest.xml:356:13-49
	android:label
		ADDED from src\main\AndroidManifest.xml:355:13-45
	android:windowSoftInputMode
		ADDED from src\main\AndroidManifest.xml:357:13-64
	android:configChanges
		ADDED from src\main\AndroidManifest.xml:354:13-63
	android:name
		ADDED from src\main\AndroidManifest.xml:353:13-74
activity#com.huishangyun.Channel.Clues.MainClueOrdinaryEntryActivity
ADDED from src\main\AndroidManifest.xml:361:9-367:20
	android:screenOrientation
		ADDED from src\main\AndroidManifest.xml:365:13-49
	android:label
		ADDED from src\main\AndroidManifest.xml:364:13-45
	android:windowSoftInputMode
		ADDED from src\main\AndroidManifest.xml:366:13-64
	android:configChanges
		ADDED from src\main\AndroidManifest.xml:363:13-63
	android:name
		ADDED from src\main\AndroidManifest.xml:362:13-87
activity#com.huishangyun.Channel.Clues.ClueSearchActivity
ADDED from src\main\AndroidManifest.xml:370:9-377:20
	android:screenOrientation
		ADDED from src\main\AndroidManifest.xml:374:13-49
	android:label
		ADDED from src\main\AndroidManifest.xml:373:13-45
	android:windowSoftInputMode
		ADDED from src\main\AndroidManifest.xml:376:13-64
	android:configChanges
		ADDED from src\main\AndroidManifest.xml:372:13-63
	android:theme
		ADDED from src\main\AndroidManifest.xml:375:13-47
	android:name
		ADDED from src\main\AndroidManifest.xml:371:13-76
activity#com.huishangyun.Channel.Clues.NewClueActivity
ADDED from src\main\AndroidManifest.xml:378:9-383:20
	android:screenOrientation
		ADDED from src\main\AndroidManifest.xml:381:13-49
	android:windowSoftInputMode
		ADDED from src\main\AndroidManifest.xml:382:13-64
	android:configChanges
		ADDED from src\main\AndroidManifest.xml:380:13-63
	android:name
		ADDED from src\main\AndroidManifest.xml:379:13-73
activity#com.huishangyun.Channel.Clues.DetailClueActivity
ADDED from src\main\AndroidManifest.xml:384:9-389:20
	android:screenOrientation
		ADDED from src\main\AndroidManifest.xml:387:13-49
	android:windowSoftInputMode
		ADDED from src\main\AndroidManifest.xml:388:13-64
	android:configChanges
		ADDED from src\main\AndroidManifest.xml:386:13-63
	android:name
		ADDED from src\main\AndroidManifest.xml:385:13-76
activity#com.huishangyun.Channel.Clues.ModifyClueActivity
ADDED from src\main\AndroidManifest.xml:390:9-395:20
	android:screenOrientation
		ADDED from src\main\AndroidManifest.xml:393:13-49
	android:windowSoftInputMode
		ADDED from src\main\AndroidManifest.xml:394:13-64
	android:configChanges
		ADDED from src\main\AndroidManifest.xml:392:13-63
	android:name
		ADDED from src\main\AndroidManifest.xml:391:13-76
activity#com.huishangyun.Channel.Opport.MainOpportActivity
ADDED from src\main\AndroidManifest.xml:400:9-405:20
	android:screenOrientation
		ADDED from src\main\AndroidManifest.xml:403:13-49
	android:windowSoftInputMode
		ADDED from src\main\AndroidManifest.xml:404:13-64
	android:configChanges
		ADDED from src\main\AndroidManifest.xml:402:13-63
	android:name
		ADDED from src\main\AndroidManifest.xml:401:13-77
activity#com.huishangyun.Channel.Opport.OpportSearch
ADDED from src\main\AndroidManifest.xml:408:9-416:20
	android:screenOrientation
		ADDED from src\main\AndroidManifest.xml:412:13-49
	android:label
		ADDED from src\main\AndroidManifest.xml:411:13-45
	android:windowSoftInputMode
		ADDED from src\main\AndroidManifest.xml:414:13-64
	android:configChanges
		ADDED from src\main\AndroidManifest.xml:410:13-63
	android:theme
		ADDED from src\main\AndroidManifest.xml:413:13-47
	android:name
		ADDED from src\main\AndroidManifest.xml:409:13-71
activity#com.huishangyun.Channel.Opport.MainOpportOrdinaryEntryActivity
ADDED from src\main\AndroidManifest.xml:419:9-425:20
	android:screenOrientation
		ADDED from src\main\AndroidManifest.xml:423:13-49
	android:label
		ADDED from src\main\AndroidManifest.xml:422:13-45
	android:windowSoftInputMode
		ADDED from src\main\AndroidManifest.xml:424:13-64
	android:configChanges
		ADDED from src\main\AndroidManifest.xml:421:13-63
	android:name
		ADDED from src\main\AndroidManifest.xml:420:13-90
activity#com.huishangyun.Channel.Opport.CreateOpportActivity
ADDED from src\main\AndroidManifest.xml:428:9-433:20
	android:screenOrientation
		ADDED from src\main\AndroidManifest.xml:431:13-49
	android:windowSoftInputMode
		ADDED from src\main\AndroidManifest.xml:432:13-64
	android:configChanges
		ADDED from src\main\AndroidManifest.xml:430:13-63
	android:name
		ADDED from src\main\AndroidManifest.xml:429:13-79
activity#com.huishangyun.Channel.Opport.StageOpportActivity
ADDED from src\main\AndroidManifest.xml:436:9-441:20
	android:screenOrientation
		ADDED from src\main\AndroidManifest.xml:439:13-49
	android:windowSoftInputMode
		ADDED from src\main\AndroidManifest.xml:440:13-64
	android:configChanges
		ADDED from src\main\AndroidManifest.xml:438:13-63
	android:name